00:00:00.453346 VirtualBox GUI VM Selector Window 6.1.30 r148432 linux.amd64 (Nov 22 2021 16:03:59) release log
00:00:00.453348 Log opened 2022-04-08T18:15:49.704613000Z
00:00:00.453349 Build Type: release
00:00:00.453355 OS Product: Linux
00:00:00.453356 OS Release: 5.16.11-76051611-generic
00:00:00.453357 OS Version: #202202230823~1646248261~20.04~2b22243-Ubuntu SMP PREEMPT Thu Ma
00:00:00.453395 DMI Product Name: 20UJCTO1WW
00:00:00.453404 DMI Product Version: ThinkPad T14s Gen 1
00:00:00.453415 Firmware type: UEFI
00:00:00.453695 Secure Boot: Disabled
00:00:00.453754 Host RAM: 15282MB (14.9GB) total, 12798MB (12.4GB) available
00:00:00.453761 Executable: /usr/lib/virtualbox/VirtualBox
00:00:00.453761 Process ID: 510132
00:00:00.453762 Package type: LINUX_64BITS_UBUNTU_19_10
00:00:00.453800 Qt version: 5.12.8
00:00:00.500144 GUI: UIMediumEnumerator: Medium-enumeration started...
00:00:01.183258 GUI: UIDesktopWidgetWatchdog::sltHandleHostScreenAvailableGeometryCalculated: Screen 0 work area is actually resized to: 1924x24 x 954x1032
00:00:01.187086 GUI: UIDesktopWidgetWatchdog::sltHandleHostScreenAvailableGeometryCalculated: Screen 1 work area is actually resized to: 2882x24 x 954x1032
00:00:01.236316 GUI: UIMediumEnumerator: Medium-enumeration finished!
00:02:03.776923 GUI: UIMediumEnumerator: Medium-enumeration finished!
00:32:46.446826 GUI: UIMediumEnumerator: Medium-enumeration finished!
