00:00:00.000398 main     VirtualBox XPCOM Server 6.1.30 r148432 linux.amd64 (Nov 22 2021 16:03:59) release log
00:00:00.000402 main     Log opened 2022-04-08T18:15:49.446911000Z
00:00:00.000403 main     Build Type: release
00:00:00.000407 main     OS Product: Linux
00:00:00.000408 main     OS Release: 5.16.11-76051611-generic
00:00:00.000409 main     OS Version: #202202230823~1646248261~20.04~2b22243-Ubuntu SMP PREEMPT Thu Ma
00:00:00.000441 main     DMI Product Name: 20UJCTO1WW
00:00:00.000449 main     DMI Product Version: ThinkPad T14s Gen 1
00:00:00.000456 main     Firmware type: UEFI
00:00:00.000830 main     Secure Boot: Disabled
00:00:00.000896 main     Host RAM: 15282MB (14.9GB) total, 12800MB (12.5GB) available
00:00:00.000900 main     Executable: /usr/lib/virtualbox/VBoxSVC
00:00:00.000900 main     Process ID: 510175
00:00:00.000901 main     Package type: LINUX_64BITS_UBUNTU_19_10
00:00:00.002687 main     IPC socket path: /tmp/.vbox-raviroy-ipc/ipcd
00:00:00.107364 nspr-2   VirtualBox: object creation starts
00:00:00.107572 nspr-2   Home directory: '/home/raviroy/.config/VirtualBox'
00:00:00.107837 nspr-2   Loading settings file "/home/raviroy/.config/VirtualBox/VirtualBox.xml" with version "1.12-linux"
00:00:00.110306 nspr-2   USB: Unknown USB device detected (idVendor: 0x06cb, idProduct: 0x00bd)
00:00:00.110363 nspr-2   USB: Unknown USB device detected (idVendor: 0x8087, idProduct: 0x0029)
00:00:00.110471 nspr-2   Successfully initialised host USB using sysfs
00:00:00.184652 nspr-2   HostDnsMonitor: initializing
00:00:00.185226 nspr-2   NAT: resolv.conf: nameserver 127.0.0.53
00:00:00.185244 nspr-2   NAT: resolv.conf: ignoring "options edns0 trust-ad"
00:00:00.185256 nspr-2   HostDnsMonitor: updating information
00:00:00.185277 nspr-2   HostDnsMonitor: old information
00:00:00.185281 nspr-2     no server entries
00:00:00.185284 nspr-2     no domain set
00:00:00.185287 nspr-2     no search string entries
00:00:00.185290 nspr-2   HostDnsMonitor: new information
00:00:00.185293 nspr-2     server 1: 127.0.0.53
00:00:00.185298 nspr-2     no domain set
00:00:00.185301 nspr-2     no search string entries
00:00:00.189377 nspr-2   VD: VDInit finished with VINF_SUCCESS
00:00:00.194650 nspr-2   Loading settings file "/home/raviroy/VirtualBox VMs/CentOS/CentOS.vbox" with version "1.17-linux"
00:00:00.196178 nspr-2   Loading settings file "/home/raviroy/VirtualBox VMs/Ubuntu_22_04/Ubuntu_22_04.vbox" with version "1.16-linux"
00:00:00.197635 nspr-2   OCI: Local config file '/home/raviroy/.config/VirtualBox/oci_config' does not exist
00:00:00.197651 nspr-2   OCI: Original config file '/home/raviroy/.oci/config' does not exist
00:00:00.197654 nspr-2   OCI: Reading profiles finished with status NS_OK
00:00:00.197661 nspr-2   ExtPack: Created cloud provider 'OCI' (hrc=NS_OK)
00:00:00.197675 nspr-2   VirtualBox: object created
00:00:18.457226 nspr-2   Launched VM: 3355453728 pid: 510888 (0x7cba8) frontend: GUI/Qt name: Ubuntu_22_04
00:00:19.185326 nspr-6   Load [/usr/lib/virtualbox/ExtensionPacks/Oracle_VM_VirtualBox_Extension_Pack/linux.amd64/VBoxHostWebcam.so] vrc=VINF_SUCCESS
00:00:19.234712 nspr-2   ERROR [COM]: aRC=VBOX_E_IPRT_ERROR (0x80bb0005) aIID={85632c68-b5bb-4316-a900-5eb28d3413df} aComponent={SessionMachine} aText={Saved screenshot data is not available (VERR_NOT_SUPPORTED)}, preserve=false aResultDetail=-37
00:02:03.536405 nspr-3   Saving settings file "/home/raviroy/VirtualBox VMs/Ubuntu_22_04/Ubuntu_22_04.vbox" with version "1.16-linux"
00:02:03.555339 nspr-3   Saving settings file "/home/raviroy/VirtualBox VMs/Ubuntu_22_04/Ubuntu_22_04.vbox" with version "1.16-linux"
00:02:12.647476 nspr-3   Launched VM: 3355454144 pid: 515059 (0x7dbf3) frontend: GUI/Qt name: Ubuntu_22_04
00:02:13.883690 nspr-2   Load [/usr/lib/virtualbox/ExtensionPacks/Oracle_VM_VirtualBox_Extension_Pack/linux.amd64/VBoxHostWebcam.so] vrc=VINF_SUCCESS
00:02:14.001820 nspr-3   ERROR [COM]: aRC=VBOX_E_IPRT_ERROR (0x80bb0005) aIID={85632c68-b5bb-4316-a900-5eb28d3413df} aComponent={SessionMachine} aText={Saved screenshot data is not available (VERR_NOT_SUPPORTED)}, preserve=false aResultDetail=-37
00:32:46.223996 nspr-7   Saving settings file "/home/raviroy/VirtualBox VMs/Ubuntu_22_04/Ubuntu_22_04.vbox" with version "1.16-linux"
00:32:46.240441 nspr-5   Saving settings file "/home/raviroy/VirtualBox VMs/Ubuntu_22_04/Ubuntu_22_04.vbox" with version "1.16-linux"
00:32:56.146713 nspr-3   Saving settings file "/home/raviroy/.config/VirtualBox/VirtualBox.xml" with version "1.12-linux"
00:32:56.154371 nspr-4   Saving settings file "/home/raviroy/.config/VirtualBox/VirtualBox.xml" with version "1.12-linux"
00:33:01.666573 main     VirtualBox: object deletion starts
00:33:01.666661 main     ERROR [COM]: aRC=VBOX_E_OBJECT_IN_USE (0x80bb000c) aIID={ad47ad09-787b-44ab-b343-a082a3f2dfb1} aComponent={MediumWrap} aText={Medium '/home/raviroy/VirtualBox VMs/CentOS/Snapshots/{b08cd59c-1a0b-4237-9d5d-636a5bfbb9be}.vdi' cannot be closed because it is still attached to 1 virtual machines}, preserve=false aResultDetail=0
00:33:01.666710 main     ERROR [COM]: aRC=VBOX_E_OBJECT_IN_USE (0x80bb000c) aIID={ad47ad09-787b-44ab-b343-a082a3f2dfb1} aComponent={MediumWrap} aText={Medium '/home/raviroy/VirtualBox VMs/CentOS/CentOS.vdi' cannot be closed because it is still attached to 1 virtual machines}, preserve=false aResultDetail=0
00:33:01.667108 main     ERROR [COM]: aRC=VBOX_E_OBJECT_IN_USE (0x80bb000c) aIID={ad47ad09-787b-44ab-b343-a082a3f2dfb1} aComponent={MediumWrap} aText={Medium '/home/raviroy/VirtualBox VMs/Ubuntu_22_04/Ubuntu_22_04.vdi' cannot be closed because it is still attached to 1 virtual machines}, preserve=false aResultDetail=0
00:33:01.667655 main     HostDnsMonitor: shutting down ...
00:33:01.668318 main     HostDnsMonitor: shut down
00:33:01.737378 Watcher  ERROR [COM]: aRC=E_ACCESSDENIED (0x80070005) aIID={d0a0163f-e254-4e5b-a1f2-011cf991c38d} aComponent={VirtualBoxWrap} aText={The object is not ready}, preserve=false aResultDetail=0
00:33:06.684319 main     {00007febcc01b5f0} HostPowerServiceLinux::~HostPowerServiceLinux: RTThreadWait() for 5000 ms failed with VERR_TIMEOUT
00:33:06.684869 main     VirtualBox: object deleted
